d:\university\advanced games technology\workspace\agt_template\inter\release-windows-x86_64\engine\engine.pch
d:\university\advanced games technology\workspace\agt_template\inter\release-windows-x86_64\engine\engine.pdb
d:\university\advanced games technology\workspace\agt_template\inter\release-windows-x86_64\engine\pch.obj
d:\university\advanced games technology\workspace\agt_template\inter\release-windows-x86_64\engine\mesh.obj
d:\university\advanced games technology\workspace\agt_template\inter\release-windows-x86_64\engine\material.obj
d:\university\advanced games technology\workspace\agt_template\inter\release-windows-x86_64\engine\light.obj
d:\university\advanced games technology\workspace\agt_template\inter\release-windows-x86_64\engine\camera.obj
d:\university\advanced games technology\workspace\agt_template\inter\release-windows-x86_64\engine\buffer.obj
d:\university\advanced games technology\workspace\agt_template\inter\release-windows-x86_64\engine\terrain.obj
d:\university\advanced games technology\workspace\agt_template\inter\release-windows-x86_64\engine\skybox.obj
d:\university\advanced games technology\workspace\agt_template\inter\release-windows-x86_64\engine\table.obj
d:\university\advanced games technology\workspace\agt_template\inter\release-windows-x86_64\engine\house.obj
d:\university\advanced games technology\workspace\agt_template\inter\release-windows-x86_64\engine\sphere.obj
d:\university\advanced games technology\workspace\agt_template\inter\release-windows-x86_64\engine\chair.obj
d:\university\advanced games technology\workspace\agt_template\inter\release-windows-x86_64\engine\heightmap.obj
d:\university\advanced games technology\workspace\agt_template\inter\release-windows-x86_64\engine\enemy.obj
d:\university\advanced games technology\workspace\agt_template\inter\release-windows-x86_64\engine\cuboid.obj
d:\university\advanced games technology\workspace\agt_template\inter\release-windows-x86_64\engine\game_object.obj
d:\university\advanced games technology\workspace\agt_template\inter\release-windows-x86_64\engine\character.obj
d:\university\advanced games technology\workspace\agt_template\inter\release-windows-x86_64\engine\logger.obj
d:\university\advanced games technology\workspace\agt_template\inter\release-windows-x86_64\engine\layers_stack.obj
d:\university\advanced games technology\workspace\agt_template\inter\release-windows-x86_64\engine\layer.obj
d:\university\advanced games technology\workspace\agt_template\inter\release-windows-x86_64\engine\application.obj
d:\university\advanced games technology\workspace\agt_template\inter\release-windows-x86_64\engine\gl_texture.obj
d:\university\advanced games technology\workspace\agt_template\inter\release-windows-x86_64\engine\gl_shader.obj
d:\university\advanced games technology\workspace\agt_template\inter\release-windows-x86_64\engine\gl_renderer_api.obj
d:\university\advanced games technology\workspace\agt_template\inter\release-windows-x86_64\engine\gl_mesh.obj
d:\university\advanced games technology\workspace\agt_template\inter\release-windows-x86_64\engine\gl_context.obj
d:\university\advanced games technology\workspace\agt_template\inter\release-windows-x86_64\engine\gl_buffer.obj
d:\university\advanced games technology\workspace\agt_template\inter\release-windows-x86_64\engine\context.obj
d:\university\advanced games technology\workspace\agt_template\inter\release-windows-x86_64\engine\track.obj
d:\university\advanced games technology\workspace\agt_template\inter\release-windows-x86_64\engine\timer.obj
d:\university\advanced games technology\workspace\agt_template\inter\release-windows-x86_64\engine\event_sound.obj
d:\university\advanced games technology\workspace\agt_template\inter\release-windows-x86_64\engine\bullet_manager.obj
d:\university\advanced games technology\workspace\agt_template\inter\release-windows-x86_64\engine\audio_manager.obj
d:\university\advanced games technology\workspace\agt_template\inter\release-windows-x86_64\engine\vertex_array.obj
d:\university\advanced games technology\workspace\agt_template\inter\release-windows-x86_64\engine\texture.obj
d:\university\advanced games technology\workspace\agt_template\inter\release-windows-x86_64\engine\text_manager.obj
d:\university\advanced games technology\workspace\agt_template\inter\release-windows-x86_64\engine\skinned_mesh.obj
d:\university\advanced games technology\workspace\agt_template\inter\release-windows-x86_64\engine\shader.obj
d:\university\advanced games technology\workspace\agt_template\inter\release-windows-x86_64\engine\renderer.obj
d:\university\advanced games technology\workspace\agt_template\inter\release-windows-x86_64\engine\render_command.obj
d:\university\advanced games technology\workspace\agt_template\inter\release-windows-x86_64\engine\model.obj
d:\university\advanced games technology\workspace\agt_template\inter\release-windows-x86_64\engine\win_window.obj
d:\university\advanced games technology\workspace\agt_template\inter\release-windows-x86_64\engine\win_input.obj
d:\university\advanced games technology\workspace\agt_template\inter\release-windows-x86_64\engine\win_core.obj
d:\university\advanced games technology\workspace\agt_template\inter\release-windows-x86_64\engine\gl_vertex_array.obj
d:\university\advanced games technology\workspace\agt_template\bin\release-windows-x86_64\engine\engine.lib
d:\university\advanced games technology\workspace\agt_template\engine\..\bin\release-windows-x86_64\engine\engine.lib
d:\university\advanced games technology\workspace\agt_template\inter\release-windows-x86_64\engine\engine.tlog\cl.command.1.tlog
d:\university\advanced games technology\workspace\agt_template\inter\release-windows-x86_64\engine\engine.tlog\cl.read.1.tlog
d:\university\advanced games technology\workspace\agt_template\inter\release-windows-x86_64\engine\engine.tlog\cl.write.1.tlog
d:\university\advanced games technology\workspace\agt_template\inter\release-windows-x86_64\engine\engine.tlog\lib-link.read.1.tlog
d:\university\advanced games technology\workspace\agt_template\inter\release-windows-x86_64\engine\engine.tlog\lib-link.write.1.tlog
d:\university\advanced games technology\workspace\agt_template\inter\release-windows-x86_64\engine\engine.tlog\lib.command.1.tlog
