d:\university\advanced games technology\workspace\agt_template\inter\release-windows-x86_64\game\vc142.pdb
d:\university\advanced games technology\workspace\agt_template\inter\release-windows-x86_64\game\quad.obj
d:\university\advanced games technology\workspace\agt_template\inter\release-windows-x86_64\game\pickup.obj
d:\university\advanced games technology\workspace\agt_template\inter\release-windows-x86_64\game\game.obj
d:\university\advanced games technology\workspace\agt_template\inter\release-windows-x86_64\game\projectile.obj
d:\university\advanced games technology\workspace\agt_template\inter\release-windows-x86_64\game\example_layer.obj
d:\university\advanced games technology\workspace\agt_template\inter\release-windows-x86_64\game\enemyai3.obj
d:\university\advanced games technology\workspace\agt_template\inter\release-windows-x86_64\game\enemyai2.obj
d:\university\advanced games technology\workspace\agt_template\inter\release-windows-x86_64\game\enemyai.obj
d:\university\advanced games technology\workspace\agt_template\inter\release-windows-x86_64\game\cross_fade.obj
d:\university\advanced games technology\workspace\agt_template\inter\release-windows-x86_64\game\ballistic.obj
d:\university\advanced games technology\workspace\agt_template\inter\release-windows-x86_64\game\game.tlog\cl.command.1.tlog
d:\university\advanced games technology\workspace\agt_template\inter\release-windows-x86_64\game\game.tlog\cl.read.1.tlog
d:\university\advanced games technology\workspace\agt_template\inter\release-windows-x86_64\game\game.tlog\cl.write.1.tlog
d:\university\advanced games technology\workspace\agt_template\inter\release-windows-x86_64\game\game.tlog\link-cvtres.read.1.tlog
d:\university\advanced games technology\workspace\agt_template\inter\release-windows-x86_64\game\game.tlog\link-cvtres.write.1.tlog
d:\university\advanced games technology\workspace\agt_template\inter\release-windows-x86_64\game\game.tlog\link-rc.read.1.tlog
d:\university\advanced games technology\workspace\agt_template\inter\release-windows-x86_64\game\game.tlog\link-rc.write.1.tlog
d:\university\advanced games technology\workspace\agt_template\inter\release-windows-x86_64\game\game.tlog\link.command.1.tlog
d:\university\advanced games technology\workspace\agt_template\inter\release-windows-x86_64\game\game.tlog\link.delete.1.tlog
d:\university\advanced games technology\workspace\agt_template\inter\release-windows-x86_64\game\game.tlog\link.read.1.tlog
d:\university\advanced games technology\workspace\agt_template\inter\release-windows-x86_64\game\game.tlog\link.write.1.tlog
