d:\university\advanced games technology\workspace\agt_template\inter\debug-windows-x86_64\game\vc142.pdb
d:\university\advanced games technology\workspace\agt_template\inter\debug-windows-x86_64\game\vc142.idb
d:\university\advanced games technology\workspace\agt_template\inter\debug-windows-x86_64\game\quad.obj
d:\university\advanced games technology\workspace\agt_template\inter\debug-windows-x86_64\game\pickup.obj
d:\university\advanced games technology\workspace\agt_template\inter\debug-windows-x86_64\game\game.obj
d:\university\advanced games technology\workspace\agt_template\inter\debug-windows-x86_64\game\projectile.obj
d:\university\advanced games technology\workspace\agt_template\inter\debug-windows-x86_64\game\example_layer.obj
d:\university\advanced games technology\workspace\agt_template\inter\debug-windows-x86_64\game\enemyai3.obj
d:\university\advanced games technology\workspace\agt_template\inter\debug-windows-x86_64\game\enemyai2.obj
d:\university\advanced games technology\workspace\agt_template\inter\debug-windows-x86_64\game\enemyai.obj
d:\university\advanced games technology\workspace\agt_template\inter\debug-windows-x86_64\game\cross_fade.obj
d:\university\advanced games technology\workspace\agt_template\inter\debug-windows-x86_64\game\ballistic.obj
d:\university\advanced games technology\workspace\agt_template\bin\debug-windows-x86_64\game\game.lib
d:\university\advanced games technology\workspace\agt_template\bin\debug-windows-x86_64\game\game.exp
d:\university\advanced games technology\workspace\agt_template\bin\debug-windows-x86_64\game\game.exe
d:\university\advanced games technology\workspace\agt_template\bin\debug-windows-x86_64\game\game.ilk
d:\university\advanced games technology\workspace\agt_template\bin\debug-windows-x86_64\game\game.pdb
d:\university\advanced games technology\workspace\agt_template\game\..\bin\debug-windows-x86_64\game\game.exe
d:\university\advanced games technology\workspace\agt_template\inter\debug-windows-x86_64\game\game.tlog\cl.command.1.tlog
d:\university\advanced games technology\workspace\agt_template\inter\debug-windows-x86_64\game\game.tlog\cl.read.1.tlog
d:\university\advanced games technology\workspace\agt_template\inter\debug-windows-x86_64\game\game.tlog\cl.write.1.tlog
d:\university\advanced games technology\workspace\agt_template\inter\debug-windows-x86_64\game\game.tlog\game.write.1u.tlog
d:\university\advanced games technology\workspace\agt_template\inter\debug-windows-x86_64\game\game.tlog\link.command.1.tlog
d:\university\advanced games technology\workspace\agt_template\inter\debug-windows-x86_64\game\game.tlog\link.read.1.tlog
d:\university\advanced games technology\workspace\agt_template\inter\debug-windows-x86_64\game\game.tlog\link.write.1.tlog
